This is XeTeX, Version 3.14159265-2.6-0.99996 (TeX Live 2016) (preloaded format=xelatex 2016.6.14)  26 JUL 2018 20:21
entering extended mode
 restricted \write18 enabled.
 %&-line parsing enabled.
**Generate_Umpire_Name_Card.tex
(./Generate_Umpire_Name_Card.tex
LaTeX2e <2016/03/31>
Babel <3.9r> and hyphenation patterns for 83 language(s) loaded.
(/usr/local/texlive/2016/texmf-dist/tex/latex/memoir/memoir.cls
Document Class: memoir 2016/05/16 v3.7f configurable book, report, article docu
ment class
\onelineskip=\skip41
\lxvchars=\skip42
\xlvchars=\skip43
\@memcnta=\count79
\c@@memmarkcntra=\count80
(/usr/local/texlive/2016/texmf-dist/tex/generic/oberdiek/ifpdf.sty
Package: ifpdf 2016/05/14 v3.1 Provides the ifpdf switch
)
(/usr/local/texlive/2016/texmf-dist/tex/latex/ifetex/ifetex.sty
Package: ifetex 2011/12/15 v1.2 ifetex

(/usr/local/texlive/2016/texmf-dist/tex/plain/ifetex/ifetex.tex))
(/usr/local/texlive/2016/texmf-dist/tex/generic/ifxetex/ifxetex.sty
Package: ifxetex 2010/09/12 v0.6 Provides ifxetex conditional
)
(/usr/local/texlive/2016/texmf-dist/tex/generic/oberdiek/ifluatex.sty
Package: ifluatex 2016/05/16 v1.4 Provides the ifluatex switch (HO)
Package ifluatex Info: LuaTeX not detected.
)
\stockheight=\skip44
\stockwidth=\skip45
\trimtop=\skip46
\trimedge=\skip47

(/usr/local/texlive/2016/texmf-dist/tex/latex/memoir/mem11.clo
File: mem11.clo 2008/01/30 v0.3 memoir class 11pt size option
)
\binding=\skip48
\spinemargin=\skip49
\foremargin=\skip50
\uppermargin=\skip51
\lowermargin=\skip52
\headdrop=\skip53
\normalrulethickness=\skip54
\mem@maxheadheight=\skip55
\mem@maxfootheight=\skip56
\headwidth=\skip57
\c@storedpagenumber=\count81
\memPD=\dimen102
\m@mabparskip=\skip58
\thanksmarkwidth=\skip59
\thanksmarksep=\skip60
\droptitle=\skip61
\c@book=\count82
\c@part=\count83
\c@chapter=\count84
\c@section=\count85
\c@subsection=\count86
\c@subsubsection=\count87
\c@paragraph=\count88
\c@subparagraph=\count89
\beforechapskip=\skip62
\midchapskip=\skip63
\afterchapskip=\skip64
\chapindent=\skip65
\bottomsectionskip=\skip66
\secindent=\skip67
\beforesecskip=\skip68
\aftersecskip=\skip69
\subsecindent=\skip70
\beforesubsecskip=\skip71
\aftersubsecskip=\skip72
\subsubsecindent=\skip73
\beforesubsubsecskip=\skip74
\aftersubsubsecskip=\skip75
\paraindent=\skip76
\beforeparaskip=\skip77
\afterparaskip=\skip78
\subparaindent=\skip79
\beforesubparaskip=\skip80
\aftersubparaskip=\skip81
\pfbreakskip=\skip82
\c@@ppsavesec=\count90
\c@@ppsaveapp=\count91
\ragrparindent=\dimen103
\everylistparindent=\dimen104
\parsepi=\skip83
\topsepi=\skip84
\itemsepi=\skip85
\parsepii=\skip86
\topsepii=\skip87
\topsepiii=\skip88
\itemsepii=\skip89
\itemsepiii=\skip90
\partopsepii=\skip91
\partopsepiii=\skip92
\m@msavetopsep=\skip93
\m@msavepartopsep=\skip94
\@enLab=\toks14
\abstitleskip=\skip95
\absleftindent=\skip96
\abs@leftindent=\dimen105
\absrightindent=\skip97
\absparindent=\skip98
\absparsep=\skip99
\c@vslineno=\count92
\c@poemline=\count93
\c@modulo@vs=\count94
\c@memfvsline=\count95
\vleftskip=\skip100
\vrightskip=\skip101
\stanzaskip=\skip102
\versewidth=\skip103
\vgap=\skip104
\vindent=\skip105
\vleftmargin=\dimen106
\c@verse=\count96
\c@chrsinstr=\count97
\beforepoemtitleskip=\skip106
\afterpoemtitleskip=\skip107
\c@poem=\count98
\beforePoemTitleskip=\skip108
\midPoemTitleskip=\skip109
\afterPoemTitleskip=\skip110
\col@sep=\dimen107
\extrarowheight=\dimen108
\NC@list=\toks15
\extratabsurround=\skip111
\backup@length=\skip112
\TX@col@width=\dimen109
\TX@old@table=\dimen110
\TX@old@col=\dimen111
\TX@target=\dimen112
\TX@delta=\dimen113
\TX@cols=\count99
\TX@ftn=\toks16
\heavyrulewidth=\dimen114
\lightrulewidth=\dimen115
\cmidrulewidth=\dimen116
\belowrulesep=\dimen117
\belowbottomsep=\dimen118
\aboverulesep=\dimen119
\abovetopsep=\dimen120
\cmidrulesep=\dimen121
\cmidrulekern=\dimen122
\defaultaddspace=\dimen123
\@cmidla=\count100
\@cmidlb=\count101
\@aboverulesep=\dimen124
\@belowrulesep=\dimen125
\@thisruleclass=\count102
\@lastruleclass=\count103
\@thisrulewidth=\dimen126
\ctableftskip=\skip113
\ctabrightskip=\skip114
\abovecolumnspenalty=\count104
\@linestogo=\count105
\@cellstogo=\count106
\@cellsincolumn=\count107
\crtok=\toks17
\@mincolumnwidth=\dimen127
\c@newflo@tctr=\count108
\mem@margin@floatbox=\box26
\@contcwidth=\skip115
\@contindw=\skip116
\abovecaptionskip=\skip117
\belowcaptionskip=\skip118
\subfloattopskip=\skip119
\subfloatcapskip=\skip120
\subfloatcaptopadj=\skip121
\subfloatbottomskip=\skip122
\subfloatlabelskip=\skip123
\subfloatcapmargin=\dimen128
\c@@contsubnum=\count109
\m@mscap@capbox=\box27
\m@mscap@fbox=\box28
\sidecapsep=\dimen129
\sidecapwidth=\dimen130
\m@m@tempdima=\dimen131
\m@mscapraise=\dimen132
\sidecapraise=\dimen133
\m@mscapmainwidth=\dimen134
\m@mscaplkern=\dimen135
\beforeepigraphskip=\skip124
\afterepigraphskip=\skip125
\epigraphwidth=\skip126
\epigraphrule=\skip127
LaTeX Info: Redefining \em on input line 7551.
LaTeX Info: Redefining \emph on input line 7559.
\tocentryskip=\skip128
\tocbaseline=\skip129
\cftparskip=\skip130
\cftbeforebookskip=\skip131
\cftbookindent=\dimen136
\cftbooknumwidth=\dimen137
\cftbeforepartskip=\skip132
\cftpartindent=\skip133
\cftpartnumwidth=\skip134
\cftbeforechapterskip=\skip135
\cftchapterindent=\skip136
\cftchapternumwidth=\skip137
\cftbeforesectionskip=\skip138
\cftsectionindent=\skip139
\cftsectionnumwidth=\skip140
\cftbeforesubsectionskip=\skip141
\cftsubsectionindent=\skip142
\cftsubsectionnumwidth=\skip143
\cftbeforesubsubsectionskip=\skip144
\cftsubsubsectionindent=\skip145
\cftsubsubsectionnumwidth=\skip146
\cftbeforeparagraphskip=\skip147
\cftparagraphindent=\skip148
\cftparagraphnumwidth=\skip149
\cftbeforesubparagraphskip=\skip150
\cftsubparagraphindent=\skip151
\cftsubparagraphnumwidth=\skip152
\prechapterprecisshift=\dimen138
\c@maxsecnumdepth=\count110
\bibindent=\dimen139
\bibitemsep=\skip153
\indexcolsep=\skip154
\indexrule=\skip155
\indexmarkstyle=\toks18
\@indexbox=\insert199
\glossarycolsep=\dimen140
\glossaryrule=\dimen141
\sideparvshift=\skip156
\sideins=\insert198
\sidebartopsep=\skip157
\sidebarhsep=\skip158
\sidebarvsep=\skip159
\sidebarwidth=\skip160
\footmarkwidth=\skip161
\footmarksep=\skip162
\footparindent=\skip163
\footinsdim=\skip164
\footinsv@r=\insert197
\@mpfootinsv@r=\insert196
\m@m@k=\count111
\m@m@h=\dimen142
\m@mipn@skip=\skip165
\sidefootins=\insert195
\sidefootadjust=\skip166
\sidefootheight=\skip167
\sidefoothsep=\skip168
\sidefootvsep=\skip169
\sidefootwidth=\skip170
\m@mdownsf=\skip171
\c@sidefootnote=\count112
\sidefootmarkwidth=\skip172
\sidefootmarksep=\skip173
\sidefootparindent=\skip174
\c@pagenote=\count113
\c@pagenoteshadow=\count114
\mem@pn@lastkern=\skip175
\every@verbatim=\toks19
\afterevery@verbatim=\toks20
\verbatim@line=\toks21
\tab@position=\count115
\verbatim@in@stream=\read1
\verbatimindent=\skip176
\verbatim@out=\write3
\bvboxsep=\skip177
\c@memfbvline=\count116
\c@bvlinectr=\count117
\bvnumlength=\skip178
\fb@frw=\dimen143
\fb@frh=\dimen144
\FrameRule=\dimen145
\FrameSep=\dimen146
\c@cp@cntr=\count118
LaTeX Info: Redefining \: on input line 12068.
LaTeX Info: Redefining \! on input line 12070.
\c@ism@mctr=\count119
\c@xsm@mctr=\count120
\c@csm@mctr=\count121
\c@ksm@mctr=\count122
\c@xksm@mctr=\count123
\c@cksm@mctr=\count124
\c@msm@mctr=\count125
\c@xmsm@mctr=\count126
\c@cmsm@mctr=\count127
\c@bsm@mctr=\count128
\c@workm@mctr=\count129
\c@sheetsequence=\count130
\c@lastsheet=\count131
\c@lastpage=\count132
\c@figure=\count133
\c@lofdepth=\count134
\cftbeforefigureskip=\skip179
\cftfigureindent=\skip180
\cftfigurenumwidth=\skip181
\c@table=\count135
\c@lotdepth=\count136
\cftbeforetableskip=\skip182
\cfttableindent=\skip183
\cfttablenumwidth=\skip184
Package abstract [2008/07/23] emulated by memoir.
Package appendix [2008/07/23] emulated by memoir.
Package array [2008/09/09] emulated by memoir.
Package booktabs [2016/05/16] emulated by memoir.
Package ccaption [2008/07/23] emulated by memoir.
Package changepage [2008/07/23] emulated by memoir.
Package chngcntr [2008/07/23] emulated by memoir.
Package chngpage [2008/07/23] emulated by memoir.
Package crop emulated by memoir.
Package dcolumn [2008/07/23] emulated by memoir.
Package delarray [2008/07/23] emulated by memoir.
Package enumerate [2008/07/23] emulated by memoir.
Package epigraph [2008/07/23] emulated by memoir.
Package ifmtarg [2008/07/23] emulated by memoir.
Package index [2008/07/23] emulated by memoir.
Package makeidx [2008/07/23] emulated by memoir.
Package moreverb [2008/07/23] emulated by memoir.
Package mparhack [2008/07/23] emulated by memoir.
Package needspace [2008/07/23] emulated by memoir.
Package newfile [2008/07/23] emulated by memoir.
Package nextpage [2008/07/23] emulated by memoir.
Package pagenote [2008/07/23] emulated by memoir.
Package parskip [2008/07/23] emulated by memoir.
Package patchcmd [2008/07/23] emulated by memoir.
Package setspace [2008/07/23] emulated by memoir.
Package shortvrb [2008/07/23] emulated by memoir.
Package showidx [2008/07/23] emulated by memoir.
Package tabularx [2008/07/23] emulated by memoir.
Package titleref [2008/07/23] emulated by memoir.
Package titling [2008/07/23] emulated by memoir.
Package tocbibind [2008/07/23] emulated by memoir.
Package tocloft [2008/07/23] emulated by memoir.
Package tocvsec2 [2008/07/23] emulated by memoir.
Package verbatim [2008/07/23] emulated by memoir.
Package verse [2008/07/23] emulated by memoir.

(/usr/local/texlive/2016/texmf-dist/tex/latex/memoir/mempatch.sty
Package: mempatch 2009/07/24 v6.0f Patches for memoir class v1.6180339
))
(/usr/local/texlive/2016/texmf-dist/tex/latex/xcolor/xcolor.sty
Package: xcolor 2016/05/11 v2.12 LaTeX color extensions (UK)

(/usr/local/texlive/2016/texmf-dist/tex/latex/graphics-cfg/color.cfg
File: color.cfg 2016/01/02 v1.6 sample color configuration
)
Package xcolor Info: Driver file: xetex.def on input line 225.

(/usr/local/texlive/2016/texmf-dist/tex/xelatex/xetex-def/xetex.def
File: xetex.def 2016/04/06 v4.08 LaTeX color/graphics driver for XeTeX (TeX Liv
e/RRM/JK)

(/usr/local/texlive/2016/texmf-dist/tex/generic/oberdiek/infwarerr.sty
Package: infwarerr 2016/05/16 v1.4 Providing info/warning/error messages (HO)
)
(/usr/local/texlive/2016/texmf-dist/tex/generic/oberdiek/ltxcmds.sty
Package: ltxcmds 2016/05/16 v1.23 LaTeX kernel commands for general use (HO)
))
Package xcolor Info: Model `cmy' substituted by `cmy0' on input line 1348.
Package xcolor Info: Model `RGB' extended on input line 1364.
Package xcolor Info: Model `HTML' substituted by `rgb' on input line 1366.
Package xcolor Info: Model `Hsb' substituted by `hsb' on input line 1367.
Package xcolor Info: Model `tHsb' substituted by `hsb' on input line 1368.
Package xcolor Info: Model `HSB' substituted by `hsb' on input line 1369.
Package xcolor Info: Model `Gray' substituted by `gray' on input line 1370.
Package xcolor Info: Model `wave' substituted by `hsb' on input line 1371.
)

Class memoir Warning: You are using the caption package with the memoir class. 
To prepare we will now reset all captioning macros and configurations to kernel
 defaults, and then let the caption package take over. Please remember to use
 the caption package interfaces in order to
 configure your captions.

(/usr/local/texlive/2016/texmf-dist/tex/latex/caption/caption.sty
Package: caption 2016/02/21 v3.3-144 Customizing captions (AR)

(/usr/local/texlive/2016/texmf-dist/tex/latex/caption/caption3.sty
Package: caption3 2016/02/04 v1.7-139 caption3 kernel (AR)
Package caption3 Info: TeX engine: e-TeX on input line 67.

(/usr/local/texlive/2016/texmf-dist/tex/latex/graphics/keyval.sty
Package: keyval 2014/10/28 v1.15 key=value parser (DPC)
\KV@toks@=\toks22
)
\captionmargin=\dimen147
\captionmargin@=\dimen148
\captionwidth=\dimen149
\caption@tempdima=\dimen150
\caption@indent=\dimen151
\caption@parindent=\dimen152
\caption@hangindent=\dimen153
)
\c@ContinuedFloat=\count137
)
(/usr/local/texlive/2016/texmf-dist/tex/latex/datatool/datatool.sty
Package: datatool 2016/01/18 v2.25 (NLCT)

(/usr/local/texlive/2016/texmf-dist/tex/latex/xkeyval/xkeyval.sty
Package: xkeyval 2014/12/03 v2.7a package option processing (HA)

(/usr/local/texlive/2016/texmf-dist/tex/generic/xkeyval/xkeyval.tex
(/usr/local/texlive/2016/texmf-dist/tex/generic/xkeyval/xkvutils.tex
\XKV@toks=\toks23
\XKV@tempa@toks=\toks24
)
\XKV@depth=\count138
File: xkeyval.tex 2014/12/03 v2.7a key=value parser (HA)
))
(/usr/local/texlive/2016/texmf-dist/tex/latex/base/ifthen.sty
Package: ifthen 2014/09/29 v1.1c Standard LaTeX ifthen package (DPC)
)
(/usr/local/texlive/2016/texmf-dist/tex/latex/xfor/xfor.sty
Package: xfor 2009/02/05 v1.05 (NLCT)
)
(/usr/local/texlive/2016/texmf-dist/tex/latex/substr/substr.sty
Package: substr 2009/10/20 v1.2 Handle substrings
\c@su@anzahl=\count139
)
(/usr/local/texlive/2016/texmf-dist/tex/latex/etoolbox/etoolbox.sty
Package: etoolbox 2015/08/02 v2.2a e-TeX tools for LaTeX (JAW)
\etb@tempcnta=\count140
)
(/usr/local/texlive/2016/texmf-dist/tex/latex/datatool/datatool-base.sty
Package: datatool-base 2016/01/18 v2.25 (NLCT)

(/usr/local/texlive/2016/texmf-dist/tex/latex/amsmath/amsmath.sty
Package: amsmath 2016/03/10 v2.15b AMS math features
\@mathmargin=\skip185

For additional information on amsmath, use the `?' option.
(/usr/local/texlive/2016/texmf-dist/tex/latex/amsmath/amstext.sty
Package: amstext 2000/06/29 v2.01 AMS text

(/usr/local/texlive/2016/texmf-dist/tex/latex/amsmath/amsgen.sty
File: amsgen.sty 1999/11/30 v2.0 generic functions
\@emptytoks=\toks25
\ex@=\dimen154
))
(/usr/local/texlive/2016/texmf-dist/tex/latex/amsmath/amsbsy.sty
Package: amsbsy 1999/11/29 v1.2d Bold Symbols
\pmbraise@=\dimen155
)
(/usr/local/texlive/2016/texmf-dist/tex/latex/amsmath/amsopn.sty
Package: amsopn 2016/03/08 v2.02 operator names
)
\inf@bad=\count141
LaTeX Info: Redefining \frac on input line 199.
\uproot@=\count142
\leftroot@=\count143
LaTeX Info: Redefining \overline on input line 297.
\classnum@=\count144
\DOTSCASE@=\count145
LaTeX Info: Redefining \ldots on input line 394.
LaTeX Info: Redefining \dots on input line 397.
LaTeX Info: Redefining \cdots on input line 518.
\Mathstrutbox@=\box29
\strutbox@=\box30
\big@size=\dimen156
LaTeX Font Info:    Redeclaring font encoding OML on input line 634.
LaTeX Font Info:    Redeclaring font encoding OMS on input line 635.
\macc@depth=\count146
\c@MaxMatrixCols=\count147
\dotsspace@=\muskip10
\c@parentequation=\count148
\dspbrk@lvl=\count149
\tag@help=\toks26
\row@=\count150
\column@=\count151
\maxfields@=\count152
\andhelp@=\toks27
\eqnshift@=\dimen157
\alignsep@=\dimen158
\tagshift@=\dimen159
\tagwidth@=\dimen160
\totwidth@=\dimen161
\lineht@=\dimen162
\@envbody=\toks28
\multlinegap=\skip186
\multlinetaggap=\skip187
\mathdisplay@stack=\toks29
LaTeX Info: Redefining \[ on input line 2739.
LaTeX Info: Redefining \] on input line 2740.
)
(/usr/local/texlive/2016/texmf-dist/tex/latex/datatool/datatool-fp.sty
Package: datatool-fp 2016/01/18 v2.25 (NLCT)

(/usr/local/texlive/2016/texmf-dist/tex/latex/fp/fp.sty
Package: fp 1995/04/02

`Fixed Point Package', Version 0.8, April 2, 1995 (C) Michael Mehlich
(/usr/local/texlive/2016/texmf-dist/tex/latex/fp/defpattern.sty
Package: defpattern 1994/10/12
\actioncount=\count153
)
(/usr/local/texlive/2016/texmf-dist/tex/latex/fp/fp-basic.sty
Package: fp-basic 1996/05/13
\FP@xs=\count154
\FP@xia=\count155
\FP@xib=\count156
\FP@xfa=\count157
\FP@xfb=\count158
\FP@rega=\count159
\FP@regb=\count160
\FP@regs=\count161
\FP@times=\count162
)
(/usr/local/texlive/2016/texmf-dist/tex/latex/fp/fp-addons.sty
Package: fp-addons 1995/03/15
)
(/usr/local/texlive/2016/texmf-dist/tex/latex/fp/fp-snap.sty
Package: fp-snap 1995/04/05
)
(/usr/local/texlive/2016/texmf-dist/tex/latex/fp/fp-exp.sty
Package: fp-exp 1995/04/03
)
(/usr/local/texlive/2016/texmf-dist/tex/latex/fp/fp-trigo.sty
Package: fp-trigo 1995/04/14
)
(/usr/local/texlive/2016/texmf-dist/tex/latex/fp/fp-pas.sty
Package: fp-pas 1994/08/29
)
(/usr/local/texlive/2016/texmf-dist/tex/latex/fp/fp-random.sty
Package: fp-random 1995/02/23
\FPseed=\count163
)
(/usr/local/texlive/2016/texmf-dist/tex/latex/fp/fp-eqn.sty
Package: fp-eqn 1995/04/03
)
(/usr/local/texlive/2016/texmf-dist/tex/latex/fp/fp-upn.sty
Package: fp-upn 1996/10/21
)
(/usr/local/texlive/2016/texmf-dist/tex/latex/fp/fp-eval.sty
Package: fp-eval 1995/04/03
)))
\@dtl@toks=\toks30
\@dtl@tmpcount=\count164
\dtl@tmplength=\skip188
\dtl@sortresult=\count165
\@dtl@numgrpsepcount=\count166
\@dtl@datatype=\count167
\dtl@codeA=\count168
\dtl@codeB=\count169
\@dtl@foreach@level=\count170
)
\dtlcolumnnum=\count171
\dtlrownum=\count172
\@dtl@before=\toks31
\@dtl@after=\toks32
\@dtl@colhead=\toks33
\dtlcurrentrow=\toks34
\dtlbeforerow=\toks35
\dtlafterrow=\toks36
\dtlforeachlevel=\count173
\c@DTLrowi=\count174
\c@DTLrowii=\count175
\c@DTLrowiii=\count176
\c@DTLrow=\count177
\dtl@rowi=\count178
\dtl@rowii=\count179
\dtl@rowiii=\count180
\@dtl@curi=\toks37
\@dtl@previ=\toks38
\@dtl@nexti=\toks39
\@dtl@curii=\toks40
\@dtl@previi=\toks41
\@dtl@nextii=\toks42
\@dtl@curiii=\toks43
\@dtl@previii=\toks44
\@dtl@nextiii=\toks45
\@dtl@elements=\count181
\@dtl@list=\toks46
\@dtl@rowa=\toks47
\@dtl@rowb=\toks48
\@dtl@toksA=\toks49
\@dtl@toksB=\toks50
\@dtl@write=\write4
\@dtl@read=\read2
\dtl@entrycr=\count182
\dtl@omitlines=\count183
)
(/usr/local/texlive/2016/texmf-dist/tex/latex/graphics/graphicx.sty
Package: graphicx 2014/10/28 v1.0g Enhanced LaTeX Graphics (DPC,SPQR)

(/usr/local/texlive/2016/texmf-dist/tex/latex/graphics/graphics.sty
Package: graphics 2016/05/09 v1.0r Standard LaTeX Graphics (DPC,SPQR)

(/usr/local/texlive/2016/texmf-dist/tex/latex/graphics/trig.sty
Package: trig 2016/01/03 v1.10 sin cos tan (DPC)
)
(/usr/local/texlive/2016/texmf-dist/tex/latex/graphics-cfg/graphics.cfg
File: graphics.cfg 2016/01/02 v1.10 sample graphics configuration
)
Package graphics Info: Driver file: xetex.def on input line 96.
)
\Gin@req@height=\dimen163
\Gin@req@width=\dimen164
)
\dtldb@umpire=\toks51
\dtlkeys@umpire=\toks52
\dtlrows@umpire=\count184
\dtlcols@umpire=\count185

(/usr/local/texlive/2016/texmf-dist/tex/latex/fontspec/fontspec.sty
(/usr/local/texlive/2016/texmf-dist/tex/latex/l3kernel/expl3.sty
Package: expl3 2016/05/18 v6512 L3 programming layer (loader) 

(/usr/local/texlive/2016/texmf-dist/tex/latex/l3kernel/expl3-code.tex
Package: expl3 2016/05/18 v6512 L3 programming layer (code)
L3 Module: l3bootstrap 2016/02/12 v6412 L3 Bootstrap code
L3 Module: l3names 2016/03/11 v6433 L3 Namespace for primitives
L3 Module: l3basics 2015/11/22 v6315 L3 Basic definitions
L3 Module: l3expan 2015/09/10 v5983 L3 Argument expansion
L3 Module: l3tl 2016/03/26 v6465 L3 Token lists
L3 Module: l3str 2016/03/24 v6441 L3 Strings
L3 Module: l3seq 2015/08/05 v5777 L3 Sequences and stacks
L3 Module: l3int 2016/03/24 v6441 L3 Integers
\c_max_int=\count186
\l_tmpa_int=\count187
\l_tmpb_int=\count188
\g_tmpa_int=\count189
\g_tmpb_int=\count190
L3 Module: l3quark 2015/08/17 v5855 L3 Quarks
L3 Module: l3prg 2015/11/01 v6216 L3 Control structures
\g__prg_map_int=\count191
L3 Module: l3clist 2015/09/02 v5901 L3 Comma separated lists
L3 Module: l3token 2016/04/03 v6470 L3 Experimental token manipulation
L3 Module: l3prop 2016/01/05 v6366 L3 Property lists
L3 Module: l3msg 2016/03/26 v6464 L3 Messages
L3 Module: l3file 2016/03/25 v6458 L3 File and I/O operations
\l_iow_line_count_int=\count192
\l__iow_target_count_int=\count193
\l__iow_current_line_int=\count194
\l__iow_current_word_int=\count266
\l__iow_current_indentation_int=\count267
L3 Module: l3skip 2016/01/05 v6366 L3 Dimensions and skips
\c_zero_dim=\dimen165
\c_max_dim=\dimen166
\l_tmpa_dim=\dimen167
\l_tmpb_dim=\dimen168
\g_tmpa_dim=\dimen169
\g_tmpb_dim=\dimen170
\c_zero_skip=\skip189
\c_max_skip=\skip190
\l_tmpa_skip=\skip191
\l_tmpb_skip=\skip192
\g_tmpa_skip=\skip193
\g_tmpb_skip=\skip194
\c_zero_muskip=\muskip11
\c_max_muskip=\muskip12
\l_tmpa_muskip=\muskip13
\l_tmpb_muskip=\muskip14
\g_tmpa_muskip=\muskip15
\g_tmpb_muskip=\muskip16
L3 Module: l3keys 2015/11/17 v6284 L3 Key-value interfaces
\g__keyval_level_int=\count268
\l_keys_choice_int=\count269
L3 Module: l3fp 2016/03/26 v6465 L3 Floating points
\c__fp_leading_shift_int=\count270
\c__fp_middle_shift_int=\count271
\c__fp_trailing_shift_int=\count272
\c__fp_big_leading_shift_int=\count273
\c__fp_big_middle_shift_int=\count274
\c__fp_big_trailing_shift_int=\count275
\c__fp_Bigg_leading_shift_int=\count276
\c__fp_Bigg_middle_shift_int=\count277
\c__fp_Bigg_trailing_shift_int=\count278
L3 Module: l3box 2015/08/09 v5822 L3 Experimental boxes
\c_empty_box=\box31
\l_tmpa_box=\box32
\l_tmpb_box=\box33
\g_tmpa_box=\box34
\g_tmpb_box=\box35
L3 Module: l3coffins 2016/05/17 v6508 L3 Coffin code layer
\l__coffin_internal_box=\box36
\l__coffin_internal_dim=\dimen171
\l__coffin_offset_x_dim=\dimen172
\l__coffin_offset_y_dim=\dimen173
\l__coffin_x_dim=\dimen174
\l__coffin_y_dim=\dimen175
\l__coffin_x_prime_dim=\dimen176
\l__coffin_y_prime_dim=\dimen177
\c_empty_coffin=\box37
\l__coffin_aligned_coffin=\box38
\l__coffin_aligned_internal_coffin=\box39
\l_tmpa_coffin=\box40
\l_tmpb_coffin=\box41
\l__coffin_display_coffin=\box42
\l__coffin_display_coord_coffin=\box43
\l__coffin_display_pole_coffin=\box44
\l__coffin_display_offset_dim=\dimen178
\l__coffin_display_x_dim=\dimen179
\l__coffin_display_y_dim=\dimen180
L3 Module: l3color 2014/08/23 v5354 L3 Experimental color support
L3 Module: l3sys 2015/09/25 v6087 L3 Experimental system/runtime functions
L3 Module: l3candidates 2016/05/13 v6484 L3 Experimental additions to l3kernel
\l__box_top_dim=\dimen181
\l__box_bottom_dim=\dimen182
\l__box_left_dim=\dimen183
\l__box_right_dim=\dimen184
\l__box_top_new_dim=\dimen185
\l__box_bottom_new_dim=\dimen186
\l__box_left_new_dim=\dimen187
\l__box_right_new_dim=\dimen188
\l__box_internal_box=\box45
\l__coffin_bounding_shift_dim=\dimen189
\l__coffin_left_corner_dim=\dimen190
\l__coffin_right_corner_dim=\dimen191
\l__coffin_bottom_corner_dim=\dimen192
\l__coffin_top_corner_dim=\dimen193
\l__coffin_scaled_total_height_dim=\dimen194
\l__coffin_scaled_width_dim=\dimen256
L3 Module: l3luatex 2016/03/26 v6465 L3 Experimental LuaTeX-specific functions
)
(/usr/local/texlive/2016/texmf-dist/tex/latex/l3kernel/l3xdvipdfmx.def
File: l3xdvidpfmx.def 2016/03/26 v6465 L3 Experimental driver: xdvipdfmx
\l__driver_tmp_box=\box46
))
(/usr/local/texlive/2016/texmf-dist/tex/latex/l3packages/xparse/xparse.sty
Package: xparse 2016/05/18 v6512 L3 Experimental document command parser
\l__xparse_current_arg_int=\count279
\l__xparse_m_args_int=\count280
\l__xparse_mandatory_args_int=\count281
\l__xparse_processor_int=\count282
\l__xparse_v_nesting_int=\count283
)
Package: fontspec 2016/02/01 v2.5a Font selection for XeLaTeX and LuaLaTeX

(/usr/local/texlive/2016/texmf-dist/tex/latex/fontspec/fontspec-xetex.sty
Package: fontspec-xetex 2016/02/01 v2.5a Font selection for XeLaTeX and LuaLaTe
X
\l_fontspec_script_int=\count284
\l_fontspec_language_int=\count285
\l_fontspec_strnum_int=\count286
\l__fontspec_tmpa_dim=\dimen257
\l__fontspec_tmpb_dim=\dimen258
\l__fontspec_tmpc_dim=\dimen259
\g__file_internal_ior=\read3

(/usr/local/texlive/2016/texmf-dist/tex/latex/base/fontenc.sty
Package: fontenc 2005/09/27 v1.99g Standard LaTeX package

(/usr/local/texlive/2016/texmf-dist/tex/latex/euenc/eu1enc.def
File: eu1enc.def 2010/05/27 v0.1h Experimental Unicode font encodings
)
LaTeX Font Info:    Try loading font information for EU1+lmr on input line 105.


(/usr/local/texlive/2016/texmf-dist/tex/latex/euenc/eu1lmr.fd
File: eu1lmr.fd 2009/10/30 v1.6 Font defs for Latin Modern
))
(/usr/local/texlive/2016/texmf-dist/tex/xelatex/xunicode/xunicode.sty
File: xunicode.sty 2011/09/09 v0.981 provides access to latin accents and many 
other characters in Unicode lower plane

(/usr/local/texlive/2016/texmf-dist/tex/latex/tipa/t3enc.def
File: t3enc.def 2001/12/31 T3 encoding
LaTeX Font Info:    Try loading font information for EU1+lmss on input line 357
.

(/usr/local/texlive/2016/texmf-dist/tex/latex/euenc/eu1lmss.fd
File: eu1lmss.fd 2009/10/30 v1.6 Font defs for Latin Modern
))
\tipaTiiicode=\count287
\tipasavetokens=\toks53
\tipachecktokens=\toks54
)
.................................................
. LaTeX info: "xparse/define-command"
. 
. Defining command \__fontspec_post_arg:w with sig. 'mmO{}' on line 353.
.................................................
.................................................
. LaTeX info: "xparse/define-command"
. 
. Defining command \fontspec with sig. 'om' on line 355.
.................................................
.................................................
. LaTeX info: "xparse/define-command"
. 
. Defining command \setmainfont with sig. 'om' on line 365.
.................................................
.................................................
. LaTeX info: "xparse/define-command"
. 
. Defining command \setsansfont with sig. 'om' on line 375.
.................................................
.................................................
. LaTeX info: "xparse/define-command"
. 
. Defining command \setmonofont with sig. 'om' on line 385.
.................................................
.................................................
. LaTeX info: "xparse/define-command"
. 
. Defining command \setmathrm with sig. 'om' on line 399.
.................................................
.................................................
. LaTeX info: "xparse/define-command"
. 
. Defining command \setboldmathrm with sig. 'om' on line 407.
.................................................
.................................................
. LaTeX info: "xparse/define-command"
. 
. Defining command \setmathsf with sig. 'om' on line 415.
.................................................
.................................................
. LaTeX info: "xparse/define-command"
. 
. Defining command \setmathtt with sig. 'om' on line 423.
.................................................
.................................................
. LaTeX info: "xparse/define-command"
. 
. Defining command \newfontfamily with sig. 'mom' on line 437.
.................................................
.................................................
. LaTeX info: "xparse/define-command"
. 
. Defining command \newfontface with sig. 'mom' on line 453.
.................................................
.................................................
. LaTeX info: "xparse/define-command"
. 
. Defining command \defaultfontfeatures with sig. 't+om' on line 467.
.................................................
.................................................
. LaTeX info: "xparse/define-command"
. 
. Defining command \addfontfeatures with sig. 'm' on line 529.
.................................................
.................................................
. LaTeX info: "xparse/define-command"
. 
. Defining command \newfontfeature with sig. 'mm' on line 540.
.................................................
.................................................
. LaTeX info: "xparse/define-command"
. 
. Defining command \newAATfeature with sig. 'mmmm' on line 548.
.................................................
.................................................
. LaTeX info: "xparse/define-command"
. 
. Defining command \newopentypefeature with sig. 'mmm' on line 556.
.................................................
.................................................
. LaTeX info: "xparse/define-command"
. 
. Defining command \aliasfontfeature with sig. 'mm' on line 577.
.................................................
.................................................
. LaTeX info: "xparse/define-command"
. 
. Defining command \aliasfontfeatureoption with sig. 'mmm' on line 586.
.................................................
.................................................
. LaTeX info: "xparse/define-command"
. 
. Defining command \newfontscript with sig. 'mm' on line 590.
.................................................
.................................................
. LaTeX info: "xparse/define-command"
. 
. Defining command \newfontlanguage with sig. 'mm' on line 594.
.................................................
.................................................
. LaTeX info: "xparse/define-command"
. 
. Defining command \DeclareFontsExtensions with sig. 'm' on line 599.
.................................................
\l__fontspec_tmp_int=\count288

(/usr/local/texlive/2016/texmf-dist/tex/latex/fontspec/fontspec.cfg)
LaTeX Info: Redefining \itshape on input line 2705.
LaTeX Info: Redefining \slshape on input line 2710.
LaTeX Info: Redefining \scshape on input line 2715.
LaTeX Info: Redefining \upshape on input line 2720.
\l__fontspec_em_int=\count289
\l__fontspec_emdef_int=\count290
LaTeX Info: Redefining \em on input line 2736.
LaTeX Info: Redefining \emph on input line 2742.
LaTeX Info: Redefining \- on input line 2746.
.................................................
. LaTeX info: "xparse/redefine-command"
. 
. Redefining command \oldstylenums with sig. 'm' on line 2841.
.................................................
.................................................
. LaTeX info: "xparse/define-command"
. 
. Defining command \liningnums with sig. 'm' on line 2845.
.................................................
))

!!!!!!!!!!!!!!!!!!!!!!!!!!!!!!!!!!!!!!!!!!!!!!!!
!
! fontspec error: "font-not-found"
! 
! The font "EBGaramond12-Regular.ttf" cannot be found.
! 
! See the fontspec documentation for further information.
! 
! For immediate help type H <return>.
!...............................................  
                                                  
l.20 \setmainfont[]{EBGaramond12-Regular.ttf}
                                             
|'''''''''''''''''''''''''''''''''''''''''''''''
| A font might not be found for many reasons.
| Check the spelling, where the font is installed etc. etc.
| 
| When in doubt, ask someone for help!
|...............................................

.................................................
. fontspec info: "no-scripts"
. 
. Font EBGaramond12-Regular.ttf does not contain any OpenType `Script'
. information.
.................................................
\g__fontspec_family_EBGaramond12-Regular.ttf_int=\count291
.................................................
. fontspec info: "defining-font"
. 
. Font family 'EBGaramond12-Regular.ttf(0)' created for font
. 'EBGaramond12-Regular.ttf' with options [Ligatures=TeX].
. 
. This font family consists of the following NFSS series/shapes:
. - 'normal' (m/n) with NFSS spec.:
. <->"[EBGaramond12-Regular]/OT:mapping=tex-text;"
. - 'small caps'  (m/sc) with NFSS spec.:
. <->"[EBGaramond12-Regular]/OT:mapping=tex-text;"
.................................................

Class memoir Warning: \lowermargin is negative on input line 22.


! Class memoir Error: \footskip (0.1pt) is too large for \lowermargin (-14.2263
6pt) by 14.32637pt.

See the memoir class documentation for explanation.
Type  H <return>  for immediate help.
 ...                                              
                                                  
l.22 \checkandfixthelayout[fixed]
                                 
You're in trouble here.  Try typing  <return>  to proceed.
If that doesn't work, type  X <return>  to quit.


******************************************************
Stock height and width: 170.71652pt by 241.84842pt
Top and edge trims: 0pt and 0pt
Page height and width: 170.71652pt by 241.84842pt
Text height and width: 170.71652pt by 213pt
Spine and edge margins: 14.22636pt and 14.2264pt
Upper and lower margins: 14.22636pt and -14.22636pt
Headheight and headsep: 0.1pt and 13.12636pt
Footskip: 0.1pt
Columnsep and columnseprule: 10pt and 0pt
Marginparsep and marginparwidth: 7pt and 1pt
Sidecapsep and sidecapwidth: 7pt and 101pt
Sidebarhsep and sidebarwidth: 7pt and 101pt
Sidebarvsep and sidebartopsep: 13.6pt and 0pt
Sidebarheight: 594.32022pt
Sidefoothsep and sidefootwidth: 7pt and 101pt
Sidefootvsep and sidefootheight: 13.6pt and 594.32022pt
******************************************************

(/usr/local/texlive/2016/texmf-dist/tex/latex/pstricks/pstricks.sty
Package: pstricks 2015/11/14 v0.62 LaTeX wrapper for `PSTricks' (RN,HV)

(/usr/local/texlive/2016/texmf-dist/tex/generic/pstricks/pstricks.tex
(/usr/local/texlive/2016/texmf-dist/tex/generic/xkeyval/pst-xkey.tex
File: pst-xkey.tex 2005/11/25 v1.6 PSTricks specialization of xkeyval (HA)
)
(/usr/local/texlive/2016/texmf-dist/tex/generic/pstricks/pst-fp.tex
`pst-fp' v0.05, 2010/01/17 (hv)
\pstFP@xs=\count292
\pstFP@xia=\count293
\pstFP@xib=\count294
\pstFP@xfa=\count295
\pstFP@xfb=\count296
\pstFP@rega=\count297
\pstFP@regb=\count298
\pstFP@regs=\count299
\pstFP@times=\count300
)
(/usr/local/texlive/2016/texmf-dist/tex/generic/pgf/utilities/pgfutil-common.te
x
\pgfutil@everybye=\toks55
\pgfutil@tempdima=\dimen260
\pgfutil@tempdimb=\dimen261

(/usr/local/texlive/2016/texmf-dist/tex/generic/pgf/utilities/pgfutil-common-li
sts.tex))
(/usr/local/texlive/2016/texmf-dist/tex/generic/pgf/utilities/pgfkeys.code.tex
\pgfkeys@pathtoks=\toks56
\pgfkeys@temptoks=\toks57

(/usr/local/texlive/2016/texmf-dist/tex/generic/pgf/utilities/pgfkeysfiltered.c
ode.tex
\pgfkeys@tmptoks=\toks58
))
(/usr/local/texlive/2016/texmf-dist/tex/generic/pgf/utilities/pgffor.code.tex
(/usr/local/texlive/2016/texmf-dist/tex/generic/pgf/math/pgfmath.code.tex
(/usr/local/texlive/2016/texmf-dist/tex/generic/pgf/math/pgfmathcalc.code.tex
(/usr/local/texlive/2016/texmf-dist/tex/generic/pgf/math/pgfmathutil.code.tex
\pgf@x=\dimen262
\pgf@xa=\dimen263
\pgf@xb=\dimen264
\pgf@xc=\dimen265
\pgf@y=\dimen266
\pgf@ya=\dimen267
\pgf@yb=\dimen268
\pgf@yc=\dimen269
\c@pgf@counta=\count301
\c@pgf@countb=\count302
\c@pgf@countc=\count303
\c@pgf@countd=\count304
\pgfutil@tempcnta=\count305
\pgfutil@tempcntb=\count306
)
(/usr/local/texlive/2016/texmf-dist/tex/generic/pgf/math/pgfmathparser.code.tex
\pgfmath@dimen=\dimen270
\pgfmath@count=\count307
\pgfmath@box=\box47
\pgfmath@toks=\toks59
\pgfmath@stack@operand=\toks60
\pgfmath@stack@operation=\toks61
)
(/usr/local/texlive/2016/texmf-dist/tex/generic/pgf/math/pgfmathfunctions.code.
tex
(/usr/local/texlive/2016/texmf-dist/tex/generic/pgf/math/pgfmathfunctions.basic
.code.tex)
(/usr/local/texlive/2016/texmf-dist/tex/generic/pgf/math/pgfmathfunctions.trigo
nometric.code.tex)
(/usr/local/texlive/2016/texmf-dist/tex/generic/pgf/math/pgfmathfunctions.rando
m.code.tex)
(/usr/local/texlive/2016/texmf-dist/tex/generic/pgf/math/pgfmathfunctions.compa
rison.code.tex)
(/usr/local/texlive/2016/texmf-dist/tex/generic/pgf/math/pgfmathfunctions.base.
code.tex)
(/usr/local/texlive/2016/texmf-dist/tex/generic/pgf/math/pgfmathfunctions.round
.code.tex)
(/usr/local/texlive/2016/texmf-dist/tex/generic/pgf/math/pgfmathfunctions.misc.
code.tex)
(/usr/local/texlive/2016/texmf-dist/tex/generic/pgf/math/pgfmathfunctions.integ
erarithmetics.code.tex)))
(/usr/local/texlive/2016/texmf-dist/tex/generic/pgf/math/pgfmathfloat.code.tex
\c@pgfmathroundto@lastzeros=\count308
))
\pgffor@iter=\dimen271
\pgffor@skip=\dimen272
\pgffor@stack=\toks62
\pgffor@toks=\toks63
)
\psLoopIndex=\count309

`PSTricks' v2.66  <2016/05/18> (tvz)
\pst@dima=\dimen273
\pst@dimb=\dimen274
\pst@dimc=\dimen275
\pst@dimd=\dimen276
\pst@dimg=\dimen277
\pst@dimh=\dimen278
\pst@dimm=\dimen279
\pst@dimn=\dimen280
\pst@dimo=\dimen281
\pst@dimp=\dimen282
\pst@hbox=\box48
\pst@ibox=\box49
\pst@boxg=\box50
\pst@cnta=\count310
\pst@cntb=\count311
\pst@cntc=\count312
\pst@cntd=\count313
\pst@cntg=\count314
\pst@cnth=\count315
\pst@cntm=\count316
\pst@cntn=\count317
\pst@cnto=\count318
\pst@cntp=\count319
\@zero=\count320
\pst@toks=\toks64
(/usr/local/texlive/2016/texmf-dist/tex/xelatex/xetex-pstricks/pstricks.con
(/usr/local/texlive/2016/texmf-dist/tex/generic/pstricks/config/xdvipdfmx.cfg))
\psunit=\dimen283
\psxunit=\dimen284
\psyunit=\dimen285
\pst@C@@rType=\count321
\pslinewidth=\dimen286
\psk@startLW=\dimen287
\psk@endLW=\dimen288
\pst@customdefs=\toks65
\pslinearc=\dimen289
\pst@symbolStep=\dimen290
\pst@symbolWidth=\dimen291
\pst@symbolLinewidth=\dimen292
\everypsbox=\toks66
\psframesep=\dimen293
\pslabelsep=\dimen294
\sh@wgridXunit=\dimen295
\sh@wgridYunit=\dimen296
\pst@shift=\dimen297
(/usr/local/texlive/2016/texmf-dist/tex/xelatex/xetex-pstricks/pstricks.con
(/usr/local/texlive/2016/texmf-dist/tex/generic/pstricks/config/xdvipdfmx.cfg
Using PSTricks configuration for XeTeX+xdvipdfmx
)))
File: pstricks.tex 2016/05/18 v2.66 `PSTricks' (tvz,hv)
 (/usr/local/texlive/2016/texmf-dist/tex/generic/pstricks/pst-fp.tex)
File: pst-fp.tex 2016/05/18 v2.66 `PST-fp' (hv)
)
(/usr/local/texlive/2016/texmf-dist/tex/latex/auto-pst-pdf/auto-pst-pdf.sty
Package: auto-pst-pdf 2009/04/26 v0.6 Wrapper for pst-pdf

(/usr/local/texlive/2016/texmf-dist/tex/latex/ifplatform/ifplatform.sty
Package: ifplatform 2010/10/22 v0.4 Testing for the operating system

(/usr/local/texlive/2016/texmf-dist/tex/generic/oberdiek/pdftexcmds.sty
Package: pdftexcmds 2016/05/10 v0.21 Utility functions of pdfTeX for LuaTeX (HO
)
Package pdftexcmds Info: LuaTeX not detected.
Package pdftexcmds Info: pdfTeX >= 1.30 not detected.
Package pdftexcmds Info: \pdf@primitive is available.
Package pdftexcmds Info: \pdf@ifprimitive is available.
Package pdftexcmds Info: \pdfdraftmode not found.
)
(/usr/local/texlive/2016/texmf-dist/tex/generic/oberdiek/catchfile.sty
Package: catchfile 2016/05/16 v1.7 Catch the contents of a file (HO)

(/usr/local/texlive/2016/texmf-dist/tex/generic/oberdiek/etexcmds.sty
Package: etexcmds 2016/05/16 v1.6 Avoid name clashes with e-TeX commands (HO)
Package etexcmds Info: Could not find \expanded.
(etexcmds)             That can mean that you are not using pdfTeX 1.50 or
(etexcmds)             that some package has redefined \expanded.
(etexcmds)             In the latter case, load this package earlier.
))

Package ifplatform Warning: 
    shell escape is disabled, so I can only detect \ifwindows.

)
\c@app@runs=\count322
 (/usr/local/texlive/2016/texmf-dist/tex/latex/pst-pdf/pst-pdf.sty
Package: pst-pdf 2008/10/09 v1.1v PS graphics for pdfLaTeX (RN,HjG)
\c@pspicture=\count323
Package pst-pdf Info: MODE: 9 (inactive mode) on input line 458.
))
(/usr/local/texlive/2016/texmf-dist/tex/latex/pst-barcode/pst-barcode.sty
Package: pst-barcode 2016/04/22 package wrapper for pst-barcode.tex (hv)

(/usr/local/texlive/2016/texmf-dist/tex/generic/pst-barcode/pst-barcode.tex
`PST-barcode' v0.15, 2016/04/22 (tb,hv)
(/usr/local/texlive/2016/texmf-dist/tex/latex/marginnote/marginnote.sty
Package: marginnote 2012/03/29 v1.1i non floating margin notes for LaTeX
\c@mn@abspage=\count324
)
\QR@box=\box51
)
File: pst-barcode.tex 2016/04/22 v0.15 `PST-barcode' (hv)
)
(./Generate_Umpire_Name_Card.aux)
\openout1 = `Generate_Umpire_Name_Card.aux'.

LaTeX Font Info:    Checking defaults for OML/cmm/m/it on input line 29.
LaTeX Font Info:    ... okay on input line 29.
LaTeX Font Info:    Checking defaults for T1/cmr/m/n on input line 29.
LaTeX Font Info:    ... okay on input line 29.
LaTeX Font Info:    Checking defaults for OT1/cmr/m/n on input line 29.
LaTeX Font Info:    ... okay on input line 29.
LaTeX Font Info:    Checking defaults for OMS/cmsy/m/n on input line 29.
LaTeX Font Info:    ... okay on input line 29.
LaTeX Font Info:    Checking defaults for OMX/cmex/m/n on input line 29.
LaTeX Font Info:    ... okay on input line 29.
LaTeX Font Info:    Checking defaults for U/cmr/m/n on input line 29.
LaTeX Font Info:    ... okay on input line 29.
LaTeX Font Info:    Checking defaults for EU1/lmr/m/n on input line 29.
LaTeX Font Info:    ... okay on input line 29.
LaTeX Font Info:    Checking defaults for T3/cmr/m/n on input line 29.
LaTeX Font Info:    Try loading font information for T3+cmr on input line 29.

(/usr/local/texlive/2016/texmf-dist/tex/latex/tipa/t3cmr.fd
File: t3cmr.fd 2001/12/31 TIPA font definitions
)
LaTeX Font Info:    ... okay on input line 29.
Package caption Info: Begin \AtBeginDocument code.
Package caption Info: End \AtBeginDocument code.
.................................................
. fontspec info: "setup-math"
. 
. Adjusting the maths setup (use [no-math] to avoid this).
.................................................
\symlegacymaths=\mathgroup4
LaTeX Font Info:    Overwriting symbol font `legacymaths' in version `bold'
(Font)                  OT1/cmr/m/n --> OT1/cmr/bx/n on input line 29.
LaTeX Font Info:    Redeclaring math accent \acute on input line 29.
LaTeX Font Info:    Redeclaring math accent \grave on input line 29.
LaTeX Font Info:    Redeclaring math accent \ddot on input line 29.
LaTeX Font Info:    Redeclaring math accent \tilde on input line 29.
LaTeX Font Info:    Redeclaring math accent \bar on input line 29.
LaTeX Font Info:    Redeclaring math accent \breve on input line 29.
LaTeX Font Info:    Redeclaring math accent \check on input line 29.
LaTeX Font Info:    Redeclaring math accent \hat on input line 29.
LaTeX Font Info:    Redeclaring math accent \dot on input line 29.
LaTeX Font Info:    Redeclaring math accent \mathring on input line 29.
LaTeX Font Info:    Redeclaring math symbol \Gamma on input line 29.
LaTeX Font Info:    Redeclaring math symbol \Delta on input line 29.
LaTeX Font Info:    Redeclaring math symbol \Theta on input line 29.
LaTeX Font Info:    Redeclaring math symbol \Lambda on input line 29.
LaTeX Font Info:    Redeclaring math symbol \Xi on input line 29.
LaTeX Font Info:    Redeclaring math symbol \Pi on input line 29.
LaTeX Font Info:    Redeclaring math symbol \Sigma on input line 29.
LaTeX Font Info:    Redeclaring math symbol \Upsilon on input line 29.
LaTeX Font Info:    Redeclaring math symbol \Phi on input line 29.
LaTeX Font Info:    Redeclaring math symbol \Psi on input line 29.
LaTeX Font Info:    Redeclaring math symbol \Omega on input line 29.
LaTeX Font Info:    Redeclaring math symbol \mathdollar on input line 29.
LaTeX Font Info:    Redeclaring symbol font `operators' on input line 29.
LaTeX Font Info:    Encoding `OT1' has changed to `EU1' for symbol font
(Font)              `operators' in the math version `normal' on input line 29.
LaTeX Font Info:    Overwriting symbol font `operators' in version `normal'
(Font)                  OT1/cmr/m/n --> EU1/EBGaramond12-Regular.ttf(0)/m/n on 
input line 29.
LaTeX Font Info:    Encoding `OT1' has changed to `EU1' for symbol font
(Font)              `operators' in the math version `bold' on input line 29.
LaTeX Font Info:    Overwriting symbol font `operators' in version `bold'
(Font)                  OT1/cmr/bx/n --> EU1/EBGaramond12-Regular.ttf(0)/m/n on
 input line 29.
LaTeX Font Info:    Overwriting symbol font `operators' in version `normal'
(Font)                  EU1/EBGaramond12-Regular.ttf(0)/m/n --> EU1/EBGaramond1
2-Regular.ttf(0)/m/n on input line 29.
LaTeX Font Info:    Overwriting math alphabet `\mathit' in version `normal'
(Font)                  OT1/cmr/m/it --> EU1/EBGaramond12-Regular.ttf(0)/m/it o
n input line 29.
LaTeX Font Info:    Overwriting math alphabet `\mathbf' in version `normal'
(Font)                  OT1/cmr/bx/n --> EU1/EBGaramond12-Regular.ttf(0)/bx/n o
n input line 29.
LaTeX Font Info:    Overwriting math alphabet `\mathsf' in version `normal'
(Font)                  OT1/cmss/m/n --> EU1/lmss/m/n on input line 29.
LaTeX Font Info:    Overwriting math alphabet `\mathtt' in version `normal'
(Font)                  OT1/cmtt/m/n --> EU1/lmtt/m/n on input line 29.
LaTeX Font Info:    Overwriting symbol font `operators' in version `bold'
(Font)                  EU1/EBGaramond12-Regular.ttf(0)/m/n --> EU1/EBGaramond1
2-Regular.ttf(0)/bx/n on input line 29.
LaTeX Font Info:    Overwriting math alphabet `\mathit' in version `bold'
(Font)                  OT1/cmr/bx/it --> EU1/EBGaramond12-Regular.ttf(0)/bx/it
 on input line 29.
LaTeX Font Info:    Overwriting math alphabet `\mathsf' in version `bold'
(Font)                  OT1/cmss/bx/n --> EU1/lmss/bx/n on input line 29.
LaTeX Font Info:    Overwriting math alphabet `\mathtt' in version `bold'
(Font)                  OT1/cmtt/m/n --> EU1/lmtt/bx/n on input line 29.
Package marginnote Info: \pdfoutput not 0 and \pdflastxpos available.
(marginnote)             Extended position detection mode activated.


LaTeX Font Warning: Font shape `EU1/EBGaramond12-Regular.ttf(0)/bx/n' undefined

(Font)              using `EU1/EBGaramond12-Regular.ttf(0)/m/n' instead on inpu
t line 74.

File: umpire_pic/1.png Graphic file (type QTm)
<use  "umpire_pic/1.png" >
Overfull \hbox (27.8698pt too wide) in paragraph at lines 74--74
[]   [] 
 []


Underfull \vbox (badness 10000) has occurred while \output is active []

 [1

]
File: umpire_pic/2.png Graphic file (type QTm)

<use  "umpire_pic/2.png" >
Overfull \hbox (27.8698pt too wide) in paragraph at lines 74--74
[]   [] 
 []


Underfull \vbox (badness 10000) has occurred while \output is active []

 [2]
File: umpire_pic/3.png Graphic file (type QTm)

<use  "umpire_pic/3.png" >
Overfull \hbox (27.8698pt too wide) in paragraph at lines 74--74
[]   [] 
 []


Underfull \vbox (badness 10000) has occurred while \output is active []

 [3]
File: umpire_pic/4.png Graphic file (type QTm)

<use  "umpire_pic/4.png" >
Overfull \hbox (27.8698pt too wide) in paragraph at lines 74--74
[]   [] 
 []


Underfull \vbox (badness 10000) has occurred while \output is active []

 [4]
File: umpire_pic/5.png Graphic file (type QTm)

<use  "umpire_pic/5.png" >
Overfull \hbox (27.8698pt too wide) in paragraph at lines 74--74
[]   [] 
 []


Underfull \vbox (badness 10000) has occurred while \output is active []

 [5]
File: umpire_pic/6.png Graphic file (type QTm)

<use  "umpire_pic/6.png" >
Overfull \hbox (27.8698pt too wide) in paragraph at lines 74--74
[]   [] 
 []


Underfull \vbox (badness 10000) has occurred while \output is active []

 [6]
File: umpire_pic/7.png Graphic file (type QTm)

<use  "umpire_pic/7.png" >
Overfull \hbox (27.8698pt too wide) in paragraph at lines 74--74
[]   [] 
 []


Underfull \vbox (badness 10000) has occurred while \output is active []

 [7]
File: umpire_pic/8.png Graphic file (type QTm)

<use  "umpire_pic/8.png" >
Overfull \hbox (2.03227pt too wide) in paragraph at lines 74--74
[][]  
 []


Overfull \hbox (27.8698pt too wide) in paragraph at lines 74--74
[]   [] 
 []


Underfull \vbox (badness 10000) has occurred while \output is active []

 [8]
File: umpire_pic/9.png Graphic file (type QTm)

<use  "umpire_pic/9.png" >
Overfull \hbox (27.8698pt too wide) in paragraph at lines 74--74
[]   [] 
 []


Underfull \vbox (badness 10000) has occurred while \output is active []

 [9]
File: umpire_pic/10.png Graphic file (type QTm)

<use  "umpire_pic/10.png" >
Overfull \hbox (27.8698pt too wide) in paragraph at lines 74--74
[]   [] 
 []


Underfull \vbox (badness 10000) has occurred while \output is active []

 [10]
File: umpire_pic/11.png Graphic file (type QTm)

<use  "umpire_pic/11.png" >
Overfull \hbox (27.8698pt too wide) in paragraph at lines 74--74
[]   [] 
 []


Underfull \vbox (badness 10000) has occurred while \output is active []

 [11]
File: umpire_pic/12.png Graphic file (type QTm)

<use  "umpire_pic/12.png" >
Overfull \hbox (27.8698pt too wide) in paragraph at lines 74--74
[]   [] 
 []


Underfull \vbox (badness 10000) has occurred while \output is active []

 [12]
File: umpire_pic/13.png Graphic file (type QTm)

<use  "umpire_pic/13.png" >
Overfull \hbox (27.8698pt too wide) in paragraph at lines 74--74
[]   [] 
 []


Underfull \vbox (badness 10000) has occurred while \output is active []

 [13]
File: umpire_pic/14.png Graphic file (type QTm)

<use  "umpire_pic/14.png" >
Overfull \hbox (27.8698pt too wide) in paragraph at lines 74--74
[]   [] 
 []


Underfull \vbox (badness 10000) has occurred while \output is active []

 [14]
File: umpire_pic/15.png Graphic file (type QTm)

<use  "umpire_pic/15.png" >
Overfull \hbox (27.8698pt too wide) in paragraph at lines 74--74
[]   [] 
 []


Underfull \vbox (badness 10000) has occurred while \output is active []

 [15]
File: umpire_pic/16.png Graphic file (type QTm)

<use  "umpire_pic/16.png" >
Overfull \hbox (27.8698pt too wide) in paragraph at lines 74--74
[]   [] 
 []


Underfull \vbox (badness 10000) has occurred while \output is active []

 [16]
File: umpire_pic/17.png Graphic file (type QTm)

<use  "umpire_pic/17.png" >
Overfull \hbox (27.8698pt too wide) in paragraph at lines 74--74
[]   [] 
 []


Underfull \vbox (badness 10000) has occurred while \output is active []

 [17]
File: umpire_pic/18.png Graphic file (type QTm)

<use  "umpire_pic/18.png" >
Overfull \hbox (27.8698pt too wide) in paragraph at lines 74--74
[]   [] 
 []


Underfull \vbox (badness 10000) has occurred while \output is active []

 [18]
File: umpire_pic/19.png Graphic file (type QTm)

<use  "umpire_pic/19.png" >
Overfull \hbox (27.8698pt too wide) in paragraph at lines 74--74
[]   [] 
 []


Underfull \vbox (badness 10000) has occurred while \output is active []

 [19]
File: umpire_pic/20.png Graphic file (type QTm)

<use  "umpire_pic/20.png" >
Overfull \hbox (27.8698pt too wide) in paragraph at lines 74--74
[]   [] 
 []


Underfull \vbox (badness 10000) has occurred while \output is active []

 [20]
File: umpire_pic/21.png Graphic file (type QTm)

<use  "umpire_pic/21.png" >
Overfull \hbox (2.12827pt too wide) in paragraph at lines 74--74
[][]  
 []


Overfull \hbox (27.8698pt too wide) in paragraph at lines 74--74
[]   [] 
 []


Underfull \vbox (badness 10000) has occurred while \output is active []

 [21]
File: umpire_pic/22.png Graphic file (type QTm)

<use  "umpire_pic/22.png" >
Overfull \hbox (27.8698pt too wide) in paragraph at lines 74--74
[]   [] 
 []


Underfull \vbox (badness 10000) has occurred while \output is active []

 [22]
File: umpire_pic/23.png Graphic file (type QTm)

<use  "umpire_pic/23.png" >
Overfull \hbox (27.8698pt too wide) in paragraph at lines 74--74
[]   [] 
 []


Underfull \vbox (badness 10000) has occurred while \output is active []

 [23]
File: umpire_pic/24.png Graphic file (type QTm)

<use  "umpire_pic/24.png" >
Overfull \hbox (27.8698pt too wide) in paragraph at lines 74--74
[]   [] 
 []


Underfull \vbox (badness 10000) has occurred while \output is active []

 [24]
File: umpire_pic/25.png Graphic file (type QTm)

<use  "umpire_pic/25.png" >
Overfull \hbox (27.8698pt too wide) in paragraph at lines 74--74
[]   [] 
 []


Underfull \vbox (badness 10000) has occurred while \output is active []

 [25]
File: umpire_pic/26.png Graphic file (type QTm)

<use  "umpire_pic/26.png" >
Overfull \hbox (15.16826pt too wide) in paragraph at lines 74--74
[][]  
 []


Overfull \hbox (27.8698pt too wide) in paragraph at lines 74--74
[]   [] 
 []


Underfull \vbox (badness 10000) has occurred while \output is active []

 [26]
File: umpire_pic/27.png Graphic file (type QTm)

<use  "umpire_pic/27.png" >
Overfull \hbox (27.8698pt too wide) in paragraph at lines 74--74
[]   [] 
 []


Underfull \vbox (badness 10000) has occurred while \output is active []

 [27]
File: umpire_pic/28.png Graphic file (type QTm)

<use  "umpire_pic/28.png" >
Overfull \hbox (27.8698pt too wide) in paragraph at lines 74--74
[]   [] 
 []


Underfull \vbox (badness 10000) has occurred while \output is active []

 [28]
File: umpire_pic/29.png Graphic file (type QTm)

<use  "umpire_pic/29.png" >
Overfull \hbox (27.8698pt too wide) in paragraph at lines 74--74
[]   [] 
 []


Underfull \vbox (badness 10000) has occurred while \output is active []

 [29]
File: umpire_pic/30.png Graphic file (type QTm)

<use  "umpire_pic/30.png" >
Overfull \hbox (27.8698pt too wide) in paragraph at lines 74--74
[]   [] 
 []


Underfull \vbox (badness 10000) has occurred while \output is active []

 [30]
File: umpire_pic/31.png Graphic file (type QTm)

<use  "umpire_pic/31.png" >
Overfull \hbox (27.8698pt too wide) in paragraph at lines 74--74
[]   [] 
 []


Underfull \vbox (badness 10000) has occurred while \output is active []

 [31]
File: umpire_pic/32.png Graphic file (type QTm)

<use  "umpire_pic/32.png" >
Overfull \hbox (27.8698pt too wide) in paragraph at lines 74--74
[]   [] 
 []


Underfull \vbox (badness 10000) has occurred while \output is active []

 [32]
File: umpire_pic/33.png Graphic file (type QTm)

<use  "umpire_pic/33.png" >
Overfull \hbox (27.8698pt too wide) in paragraph at lines 74--74
[]   [] 
 []


Underfull \vbox (badness 10000) has occurred while \output is active []

 [33]
File: umpire_pic/34.png Graphic file (type QTm)

<use  "umpire_pic/34.png" >
Overfull \hbox (27.8698pt too wide) in paragraph at lines 74--74
[]   [] 
 []


Underfull \vbox (badness 10000) has occurred while \output is active []

 [34]
File: umpire_pic/35.png Graphic file (type QTm)

<use  "umpire_pic/35.png" >
Overfull \hbox (27.8698pt too wide) in paragraph at lines 74--74
[]   [] 
 []


Underfull \vbox (badness 10000) has occurred while \output is active []

 [35]
File: umpire_pic/36.png Graphic file (type QTm)

<use  "umpire_pic/36.png" >
Overfull \hbox (27.8698pt too wide) in paragraph at lines 74--74
[]   [] 
 []


Underfull \vbox (badness 10000) has occurred while \output is active []

 [36]
File: umpire_pic/37.png Graphic file (type QTm)

<use  "umpire_pic/37.png" >
Overfull \hbox (27.8698pt too wide) in paragraph at lines 74--74
[]   [] 
 []


Underfull \vbox (badness 10000) has occurred while \output is active []

 [37]
File: umpire_pic/38.png Graphic file (type QTm)

<use  "umpire_pic/38.png" >
Overfull \hbox (27.8698pt too wide) in paragraph at lines 74--74
[]   [] 
 []


Underfull \vbox (badness 10000) has occurred while \output is active []

 [38]
File: umpire_pic/39.png Graphic file (type QTm)

<use  "umpire_pic/39.png" >
Overfull \hbox (27.8698pt too wide) in paragraph at lines 74--74
[]   [] 
 []


Underfull \vbox (badness 10000) has occurred while \output is active []

 [39]
File: umpire_pic/40.png Graphic file (type QTm)

<use  "umpire_pic/40.png" >
Overfull \hbox (27.8698pt too wide) in paragraph at lines 74--74
[]   [] 
 []


Underfull \vbox (badness 10000) has occurred while \output is active []

 [40]
File: umpire_pic/41.png Graphic file (type QTm)

<use  "umpire_pic/41.png" >
Overfull \hbox (27.8698pt too wide) in paragraph at lines 74--74
[]   [] 
 []


Underfull \vbox (badness 10000) has occurred while \output is active []

 [41]
File: umpire_pic/42.png Graphic file (type QTm)

<use  "umpire_pic/42.png" >
Overfull \hbox (27.8698pt too wide) in paragraph at lines 74--74
[]   [] 
 []


Underfull \vbox (badness 10000) has occurred while \output is active []

 [42]
File: umpire_pic/43.png Graphic file (type QTm)

<use  "umpire_pic/43.png" >
Overfull \hbox (27.8698pt too wide) in paragraph at lines 74--74
[]   [] 
 []


Underfull \vbox (badness 10000) has occurred while \output is active []

 [43]
File: umpire_pic/44.png Graphic file (type QTm)

<use  "umpire_pic/44.png" >
Overfull \hbox (27.8698pt too wide) in paragraph at lines 74--74
[]   [] 
 []


Underfull \vbox (badness 10000) has occurred while \output is active []

 [44]
File: umpire_pic/45.png Graphic file (type QTm)

<use  "umpire_pic/45.png" >
Overfull \hbox (27.8698pt too wide) in paragraph at lines 74--74
[]   [] 
 []


Underfull \vbox (badness 10000) has occurred while \output is active []

 [45]
File: umpire_pic/46.png Graphic file (type QTm)

<use  "umpire_pic/46.png" >
Overfull \hbox (58.62427pt too wide) in paragraph at lines 74--74
[][]  
 []


Overfull \hbox (27.8698pt too wide) in paragraph at lines 74--74
[]   [] 
 []


Underfull \vbox (badness 10000) has occurred while \output is active []

 [46]
File: umpire_pic/47.png Graphic file (type QTm)

<use  "umpire_pic/47.png" >
Overfull \hbox (27.8698pt too wide) in paragraph at lines 74--74
[]   [] 
 []


Underfull \vbox (badness 10000) has occurred while \output is active []

 [47]
File: umpire_pic/48.png Graphic file (type QTm)

<use  "umpire_pic/48.png" >
Overfull \hbox (27.8698pt too wide) in paragraph at lines 74--74
[]   [] 
 []


Underfull \vbox (badness 10000) has occurred while \output is active []

 [48]
File: umpire_pic/49.png Graphic file (type QTm)

<use  "umpire_pic/49.png" >
Overfull \hbox (27.8698pt too wide) in paragraph at lines 74--74
[]   [] 
 []


Underfull \vbox (badness 10000) has occurred while \output is active []

 [49]
File: umpire_pic/50.png Graphic file (type QTm)

<use  "umpire_pic/50.png" >
Overfull \hbox (27.8698pt too wide) in paragraph at lines 74--74
[]   [] 
 []


Underfull \vbox (badness 10000) has occurred while \output is active []

 [50]
File: umpire_pic/51.png Graphic file (type QTm)

<use  "umpire_pic/51.png" >
Overfull \hbox (27.8698pt too wide) in paragraph at lines 74--74
[]   [] 
 []


Underfull \vbox (badness 10000) has occurred while \output is active []

 [51]
File: umpire_pic/52.png Graphic file (type QTm)

<use  "umpire_pic/52.png" >
Overfull \hbox (27.8698pt too wide) in paragraph at lines 74--74
[]   [] 
 []


Underfull \vbox (badness 10000) has occurred while \output is active []

 [52]
File: umpire_pic/53.png Graphic file (type QTm)

<use  "umpire_pic/53.png" >
Overfull \hbox (27.8698pt too wide) in paragraph at lines 74--74
[]   [] 
 []


Underfull \vbox (badness 10000) has occurred while \output is active []

 [53]
File: umpire_pic/54.png Graphic file (type QTm)

<use  "umpire_pic/54.png" >
Overfull \hbox (27.8698pt too wide) in paragraph at lines 74--74
[]   [] 
 []


Underfull \vbox (badness 10000) has occurred while \output is active []

 [54]
File: umpire_pic/55.png Graphic file (type QTm)

<use  "umpire_pic/55.png" >
Overfull \hbox (27.8698pt too wide) in paragraph at lines 74--74
[]   [] 
 []


Underfull \vbox (badness 10000) has occurred while \output is active []

 [55]
File: umpire_pic/56.png Graphic file (type QTm)

<use  "umpire_pic/56.png" >
Overfull \hbox (58.62427pt too wide) in paragraph at lines 74--74
[][]  
 []


Overfull \hbox (27.8698pt too wide) in paragraph at lines 74--74
[]   [] 
 []


Underfull \vbox (badness 10000) has occurred while \output is active []

 [56]
File: umpire_pic/57.png Graphic file (type QTm)

<use  "umpire_pic/57.png" >
Overfull \hbox (27.8698pt too wide) in paragraph at lines 74--74
[]   [] 
 []


Underfull \vbox (badness 10000) has occurred while \output is active []

 [57]
File: umpire_pic/58.png Graphic file (type QTm)

<use  "umpire_pic/58.png" >
Overfull \hbox (27.8698pt too wide) in paragraph at lines 74--74
[]   [] 
 []


Underfull \vbox (badness 10000) has occurred while \output is active []

 [58]
File: umpire_pic/59.png Graphic file (type QTm)

<use  "umpire_pic/59.png" >
Overfull \hbox (27.8698pt too wide) in paragraph at lines 74--74
[]   [] 
 []


Underfull \vbox (badness 10000) has occurred while \output is active []

 [59]
File: umpire_pic/60.png Graphic file (type QTm)

<use  "umpire_pic/60.png" >
Overfull \hbox (27.8698pt too wide) in paragraph at lines 74--74
[]   [] 
 []


Underfull \vbox (badness 10000) has occurred while \output is active []

 [60]
File: umpire_pic/61.png Graphic file (type QTm)

<use  "umpire_pic/61.png" >
Overfull \hbox (15.16826pt too wide) in paragraph at lines 74--74
[][]  
 []


Overfull \hbox (27.8698pt too wide) in paragraph at lines 74--74
[]   [] 
 []


Underfull \vbox (badness 10000) has occurred while \output is active []

 [61]
File: umpire_pic/62.png Graphic file (type QTm)

<use  "umpire_pic/62.png" >
Overfull \hbox (27.8698pt too wide) in paragraph at lines 74--74
[]   [] 
 []


Underfull \vbox (badness 10000) has occurred while \output is active []

 [62]
File: umpire_pic/63.png Graphic file (type QTm)

<use  "umpire_pic/63.png" >
Overfull \hbox (27.8698pt too wide) in paragraph at lines 74--74
[]   [] 
 []


Underfull \vbox (badness 10000) has occurred while \output is active []

 [63]
File: umpire_pic/64.png Graphic file (type QTm)

<use  "umpire_pic/64.png" >
Overfull \hbox (27.8698pt too wide) in paragraph at lines 74--74
[]   [] 
 []


Underfull \vbox (badness 10000) has occurred while \output is active []

 [64]
File: umpire_pic/65.png Graphic file (type QTm)

<use  "umpire_pic/65.png" >
Overfull \hbox (27.8698pt too wide) in paragraph at lines 74--74
[]   [] 
 []


Underfull \vbox (badness 10000) has occurred while \output is active []

 [65]
File: umpire_pic/66.png Graphic file (type QTm)

<use  "umpire_pic/66.png" >
Overfull \hbox (27.8698pt too wide) in paragraph at lines 74--74
[]   [] 
 []


Underfull \vbox (badness 10000) has occurred while \output is active []

 [66]
File: umpire_pic/67.png Graphic file (type QTm)

<use  "umpire_pic/67.png" >
Overfull \hbox (27.8698pt too wide) in paragraph at lines 74--74
[]   [] 
 []


Underfull \vbox (badness 10000) has occurred while \output is active []

 [67]
File: umpire_pic/68.png Graphic file (type QTm)

<use  "umpire_pic/68.png" >
Overfull \hbox (27.8698pt too wide) in paragraph at lines 74--74
[]   [] 
 []


Underfull \vbox (badness 10000) has occurred while \output is active []

 [68]
File: umpire_pic/69.png Graphic file (type QTm)

<use  "umpire_pic/69.png" >
Overfull \hbox (27.8698pt too wide) in paragraph at lines 74--74
[]   [] 
 []


Underfull \vbox (badness 10000) has occurred while \output is active []

 [69]
File: umpire_pic/70.png Graphic file (type QTm)

<use  "umpire_pic/70.png" >
Overfull \hbox (27.8698pt too wide) in paragraph at lines 74--74
[]   [] 
 []


Underfull \vbox (badness 10000) has occurred while \output is active []

 [70]
File: umpire_pic/71.png Graphic file (type QTm)

<use  "umpire_pic/71.png" >
Overfull \hbox (27.8698pt too wide) in paragraph at lines 74--74
[]   [] 
 []


Underfull \vbox (badness 10000) has occurred while \output is active []

 [71]
File: umpire_pic/72.png Graphic file (type QTm)

<use  "umpire_pic/72.png" >
Overfull \hbox (27.8698pt too wide) in paragraph at lines 74--74
[]   [] 
 []


Underfull \vbox (badness 10000) has occurred while \output is active []

 [72]
File: umpire_pic/73.png Graphic file (type QTm)

<use  "umpire_pic/73.png" >
Overfull \hbox (27.8698pt too wide) in paragraph at lines 74--74
[]   [] 
 []


Underfull \vbox (badness 10000) has occurred while \output is active []

 [73]
File: umpire_pic/74.png Graphic file (type QTm)

<use  "umpire_pic/74.png" >
Overfull \hbox (27.8698pt too wide) in paragraph at lines 74--74
[]   [] 
 []


Underfull \vbox (badness 10000) has occurred while \output is active []

 [74]
File: umpire_pic/75.png Graphic file (type QTm)

<use  "umpire_pic/75.png" >
Overfull \hbox (27.8698pt too wide) in paragraph at lines 74--74
[]   [] 
 []


Underfull \vbox (badness 10000) has occurred while \output is active []

 [75]
File: umpire_pic/76.png Graphic file (type QTm)

<use  "umpire_pic/76.png" >
Overfull \hbox (27.8698pt too wide) in paragraph at lines 74--74
[]   [] 
 []


Underfull \vbox (badness 10000) has occurred while \output is active []

 [76]
File: umpire_pic/77.png Graphic file (type QTm)

<use  "umpire_pic/77.png" >
Overfull \hbox (2.03227pt too wide) in paragraph at lines 74--74
[][]  
 []


Overfull \hbox (27.8698pt too wide) in paragraph at lines 74--74
[]   [] 
 []


Underfull \vbox (badness 10000) has occurred while \output is active []

 [77]
File: umpire_pic/78.png Graphic file (type QTm)

<use  "umpire_pic/78.png" >
Overfull \hbox (27.8698pt too wide) in paragraph at lines 74--74
[]   [] 
 []


Underfull \vbox (badness 10000) has occurred while \output is active []

 [78]
File: umpire_pic/79.png Graphic file (type QTm)

<use  "umpire_pic/79.png" >
Overfull \hbox (27.8698pt too wide) in paragraph at lines 74--74
[]   [] 
 []


Underfull \vbox (badness 10000) has occurred while \output is active []

 [79]
File: umpire_pic/80.png Graphic file (type QTm)

<use  "umpire_pic/80.png" >
Overfull \hbox (27.8698pt too wide) in paragraph at lines 74--74
[]   [] 
 []


Underfull \vbox (badness 10000) has occurred while \output is active []

 [80]
File: umpire_pic/81.png Graphic file (type QTm)

<use  "umpire_pic/81.png" >
Overfull \hbox (27.8698pt too wide) in paragraph at lines 74--74
[]   [] 
 []


Underfull \vbox (badness 10000) has occurred while \output is active []

 [81]
File: umpire_pic/82.png Graphic file (type QTm)

<use  "umpire_pic/82.png" >
Overfull \hbox (27.8698pt too wide) in paragraph at lines 74--74
[]   [] 
 []


Underfull \vbox (badness 10000) has occurred while \output is active []

 [82]
File: umpire_pic/83.png Graphic file (type QTm)

<use  "umpire_pic/83.png" >
Overfull \hbox (27.8698pt too wide) in paragraph at lines 74--74
[]   [] 
 []


Underfull \vbox (badness 10000) has occurred while \output is active []

 [83]
File: umpire_pic/84.png Graphic file (type QTm)

<use  "umpire_pic/84.png" >
Overfull \hbox (27.8698pt too wide) in paragraph at lines 74--74
[]   [] 
 []


Underfull \vbox (badness 10000) has occurred while \output is active []

 [84]
File: umpire_pic/85.png Graphic file (type QTm)

<use  "umpire_pic/85.png" >
Overfull \hbox (27.8698pt too wide) in paragraph at lines 74--74
[]   [] 
 []


Underfull \vbox (badness 10000) has occurred while \output is active []

 [85]
File: umpire_pic/86.png Graphic file (type QTm)

<use  "umpire_pic/86.png" >
Overfull \hbox (27.8698pt too wide) in paragraph at lines 74--74
[]   [] 
 []


Underfull \vbox (badness 10000) has occurred while \output is active []

 [86]
File: umpire_pic/87.png Graphic file (type QTm)

<use  "umpire_pic/87.png" >
Overfull \hbox (27.8698pt too wide) in paragraph at lines 74--74
[]   [] 
 []


Underfull \vbox (badness 10000) has occurred while \output is active []

 [87]
File: umpire_pic/88.png Graphic file (type QTm)

<use  "umpire_pic/88.png" >
Overfull \hbox (27.8698pt too wide) in paragraph at lines 74--74
[]   [] 
 []


Underfull \vbox (badness 10000) has occurred while \output is active []

 [88]
File: umpire_pic/89.png Graphic file (type QTm)

<use  "umpire_pic/89.png" >
Overfull \hbox (27.8698pt too wide) in paragraph at lines 74--74
[]   [] 
 []


Underfull \vbox (badness 10000) has occurred while \output is active []

 [89]
File: umpire_pic/90.png Graphic file (type QTm)

<use  "umpire_pic/90.png" >
Overfull \hbox (27.8698pt too wide) in paragraph at lines 74--74
[]   [] 
 []


Underfull \vbox (badness 10000) has occurred while \output is active []

 [90]
File: umpire_pic/91.png Graphic file (type QTm)

<use  "umpire_pic/91.png" >
Overfull \hbox (27.8698pt too wide) in paragraph at lines 74--74
[]   [] 
 []


Underfull \vbox (badness 10000) has occurred while \output is active []

 [91]
File: umpire_pic/92.png Graphic file (type QTm)

<use  "umpire_pic/92.png" >
Overfull \hbox (27.8698pt too wide) in paragraph at lines 74--74
[]   [] 
 []


Underfull \vbox (badness 10000) has occurred while \output is active []

 [92]
File: umpire_pic/93.png Graphic file (type QTm)

<use  "umpire_pic/93.png" >
Overfull \hbox (2.12827pt too wide) in paragraph at lines 74--74
[][]  
 []


Overfull \hbox (27.8698pt too wide) in paragraph at lines 74--74
[]   [] 
 []


Underfull \vbox (badness 10000) has occurred while \output is active []

 [93]
File: umpire_pic/94.png Graphic file (type QTm)

<use  "umpire_pic/94.png" >
Overfull \hbox (27.8698pt too wide) in paragraph at lines 74--74
[]   [] 
 []


Underfull \vbox (badness 10000) has occurred while \output is active []

 [94]
File: umpire_pic/95.png Graphic file (type QTm)

<use  "umpire_pic/95.png" >
Overfull \hbox (27.8698pt too wide) in paragraph at lines 74--74
[]   [] 
 []


Underfull \vbox (badness 10000) has occurred while \output is active []

 [95]
File: umpire_pic/96.png Graphic file (type QTm)

<use  "umpire_pic/96.png" >
Overfull \hbox (27.8698pt too wide) in paragraph at lines 74--74
[]   [] 
 []


Underfull \vbox (badness 10000) has occurred while \output is active []

 [96]
File: umpire_pic/97.png Graphic file (type QTm)

<use  "umpire_pic/97.png" >
Overfull \hbox (27.8698pt too wide) in paragraph at lines 74--74
[]   [] 
 []


Underfull \vbox (badness 10000) has occurred while \output is active []

 [97]
File: umpire_pic/98.png Graphic file (type QTm)

<use  "umpire_pic/98.png" >
Overfull \hbox (27.8698pt too wide) in paragraph at lines 74--74
[]   [] 
 []


Underfull \vbox (badness 10000) has occurred while \output is active []

 [98]
File: umpire_pic/99.png Graphic file (type QTm)

<use  "umpire_pic/99.png" >
Overfull \hbox (27.8698pt too wide) in paragraph at lines 74--74
[]   [] 
 []


Underfull \vbox (badness 10000) has occurred while \output is active []

 [99]
File: umpire_pic/100.png Graphic file (type QTm)

<use  "umpire_pic/100.png" >
Overfull \hbox (27.8698pt too wide) in paragraph at lines 74--74
[]   [] 
 []


Underfull \vbox (badness 10000) has occurred while \output is active []

 [100]
File: umpire_pic/101.png Graphic file (type QTm)

<use  "umpire_pic/101.png" >
Overfull \hbox (27.8698pt too wide) in paragraph at lines 74--74
[]   [] 
 []


Underfull \vbox (badness 10000) has occurred while \output is active []

 [101]
File: umpire_pic/102.png Graphic file (type QTm)

<use  "umpire_pic/102.png" >
Overfull \hbox (27.8698pt too wide) in paragraph at lines 74--74
[]   [] 
 []


Underfull \vbox (badness 10000) has occurred while \output is active []

 [102]
File: umpire_pic/103.png Graphic file (type QTm)

<use  "umpire_pic/103.png" >
Overfull \hbox (27.8698pt too wide) in paragraph at lines 74--74
[]   [] 
 []


Underfull \vbox (badness 10000) has occurred while \output is active []

 [103]
File: umpire_pic/104.png Graphic file (type QTm)

<use  "umpire_pic/104.png" >
Overfull \hbox (27.8698pt too wide) in paragraph at lines 74--74
[]   [] 
 []


Underfull \vbox (badness 10000) has occurred while \output is active []

 [104]
(./Generate_Umpire_Name_Card.aux)

LaTeX Font Warning: Some font shapes were not available, defaults substituted.

 ) 
Here is how much of TeX's memory you used:
 28127 strings out of 493591
 509376 string characters out of 6143546
 605831 words of memory out of 5000000
 31152 multiletter control sequences out of 15000+600000
 6843 words of font info for 38 fonts, out of 8000000 for 9000
 1347 hyphenation exceptions out of 8191
 51i,10n,91p,10405b,413s stack positions out of 5000i,500n,10000p,200000b,80000s

Output written on Generate_Umpire_Name_Card.pdf (104 pages).
